{"/home/afzal/Downloads/task-manager-api/app.js": {"path":"/home/afzal/Downloads/task-manager-api/app.js","statementMap":{"0":{"start":{"line":1,"column":0},"end":{"line":1,"column":27}},"1":{"start":{"line":3,"column":16},"end":{"line":3,"column":34}},"2":{"start":{"line":4,"column":21},"end":{"line":4,"column":45}},"3":{"start":{"line":5,"column":23},"end":{"line":5,"column":47}},"4":{"start":{"line":6,"column":12},"end":{"line":6,"column":21}},"5":{"start":{"line":7,"column":12},"end":{"line":7,"column":35}},"6":{"start":{"line":8,"column":23},"end":{"line":8,"column":48}},"7":{"start":{"line":10,"column":0},"end":{"line":10,"column":25}},"8":{"start":{"line":11,"column":0},"end":{"line":11,"column":25}},"9":{"start":{"line":13,"column":0},"end":{"line":13,"column":30}},"10":{"start":{"line":15,"column":0},"end":{"line":26,"column":2}},"11":{"start":{"line":16,"column":4},"end":{"line":25,"column":5}},"12":{"start":{"line":17,"column":22},"end":{"line":17,"column":39}},"13":{"start":{"line":18,"column":28},"end":{"line":18,"column":71}},"14":{"start":{"line":19,"column":8},"end":{"line":19,"column":16}},"15":{"start":{"line":22,"column":9},"end":{"line":24,"column":11}},"16":{"start":{"line":29,"column":0},"end":{"line":29,"column":33}},"17":{"start":{"line":32,"column":0},"end":{"line":32,"column":26}}},"fnMap":{"0":{"name":"(anonymous_0)","decl":{"start":{"line":15,"column":9},"end":{"line":15,"column":10}},"loc":{"start":{"line":15,"column":33},"end":{"line":26,"column":1}},"line":15}},"branchMap":{},"s":{"0":2,"1":2,"2":2,"3":2,"4":2,"5":2,"6":2,"7":2,"8":2,"9":2,"10":2,"11":1,"12":1,"13":1,"14":1,"15":0,"16":2,"17":2},"f":{"0":1},"b":{},"_coverageSchema":"1a1c01bbd47fc00a2c39e90264f33305004495a9","hash":"056dfc5dd7d96e0b0853dc6d5b89a48afac22689"}
,"/home/afzal/Downloads/task-manager-api/config/db.config.js": {"path":"/home/afzal/Downloads/task-manager-api/config/db.config.js","statementMap":{"0":{"start":{"line":1,"column":20},"end":{"line":1,"column":40}},"1":{"start":{"line":3,"column":37},"end":{"line":3,"column":48}},"2":{"start":{"line":4,"column":0},"end":{"line":4,"column":41}},"3":{"start":{"line":5,"column":18},"end":{"line":8,"column":2}},"4":{"start":{"line":11,"column":0},"end":{"line":11,"column":32}}},"fnMap":{},"branchMap":{},"s":{"0":2,"1":2,"2":2,"3":2,"4":2},"f":{},"b":{},"_coverageSchema":"1a1c01bbd47fc00a2c39e90264f33305004495a9","hash":"59849d267fafe4e7ab62454b0c029a6bf14fbb13"}
,"/home/afzal/Downloads/task-manager-api/controllers/task.controller.js": {"path":"/home/afzal/Downloads/task-manager-api/controllers/task.controller.js","statementMap":{"0":{"start":{"line":1,"column":23},"end":{"line":1,"column":48}},"1":{"start":{"line":3,"column":23},"end":{"line":142,"column":1}},"2":{"start":{"line":5,"column":4},"end":{"line":35,"column":5}},"3":{"start":{"line":6,"column":46},"end":{"line":6,"column":55}},"4":{"start":{"line":7,"column":20},"end":{"line":12,"column":7}},"5":{"start":{"line":13,"column":6},"end":{"line":15,"column":7}},"6":{"start":{"line":14,"column":8},"end":{"line":14,"column":43}},"7":{"start":{"line":16,"column":6},"end":{"line":20,"column":7}},"8":{"start":{"line":17,"column":8},"end":{"line":17,"column":38}},"9":{"start":{"line":19,"column":8},"end":{"line":19,"column":38}},"10":{"start":{"line":21,"column":6},"end":{"line":21,"column":31}},"11":{"start":{"line":22,"column":23},"end":{"line":22,"column":48}},"12":{"start":{"line":24,"column":6},"end":{"line":28,"column":9}},"13":{"start":{"line":30,"column":6},"end":{"line":34,"column":9}},"14":{"start":{"line":38,"column":4},"end":{"line":67,"column":5}},"15":{"start":{"line":40,"column":8},"end":{"line":40,"column":16}},"16":{"start":{"line":41,"column":6},"end":{"line":49,"column":7}},"17":{"start":{"line":48,"column":8},"end":{"line":48,"column":69}},"18":{"start":{"line":50,"column":23},"end":{"line":57,"column":8}},"19":{"start":{"line":58,"column":6},"end":{"line":61,"column":9}},"20":{"start":{"line":63,"column":6},"end":{"line":66,"column":9}},"21":{"start":{"line":70,"column":4},"end":{"line":91,"column":5}},"22":{"start":{"line":71,"column":21},"end":{"line":71,"column":31}},"23":{"start":{"line":72,"column":6},"end":{"line":78,"column":7}},"24":{"start":{"line":73,"column":8},"end":{"line":77,"column":11}},"25":{"start":{"line":79,"column":23},"end":{"line":79,"column":64}},"26":{"start":{"line":80,"column":6},"end":{"line":84,"column":9}},"27":{"start":{"line":86,"column":6},"end":{"line":90,"column":9}},"28":{"start":{"line":94,"column":4},"end":{"line":113,"column":5}},"29":{"start":{"line":95,"column":21},"end":{"line":95,"column":31}},"30":{"start":{"line":96,"column":6},"end":{"line":101,"column":7}},"31":{"start":{"line":97,"column":8},"end":{"line":100,"column":11}},"32":{"start":{"line":103,"column":23},"end":{"line":103,"column":73}},"33":{"start":{"line":104,"column":6},"end":{"line":107,"column":9}},"34":{"start":{"line":109,"column":6},"end":{"line":112,"column":9}},"35":{"start":{"line":116,"column":4},"end":{"line":140,"column":5}},"36":{"start":{"line":117,"column":21},"end":{"line":117,"column":31}},"37":{"start":{"line":118,"column":6},"end":{"line":123,"column":7}},"38":{"start":{"line":119,"column":8},"end":{"line":122,"column":11}},"39":{"start":{"line":125,"column":23},"end":{"line":127,"column":8}},"40":{"start":{"line":129,"column":6},"end":{"line":134,"column":8}},"41":{"start":{"line":136,"column":6},"end":{"line":139,"column":9}},"42":{"start":{"line":144,"column":0},"end":{"line":144,"column":36}}},"fnMap":{"0":{"name":"(anonymous_0)","decl":{"start":{"line":4,"column":7},"end":{"line":4,"column":8}},"loc":{"start":{"line":4,"column":27},"end":{"line":36,"column":3}},"line":4},"1":{"name":"(anonymous_1)","decl":{"start":{"line":37,"column":14},"end":{"line":37,"column":15}},"loc":{"start":{"line":37,"column":34},"end":{"line":68,"column":3}},"line":37},"2":{"name":"(anonymous_2)","decl":{"start":{"line":69,"column":11},"end":{"line":69,"column":12}},"loc":{"start":{"line":69,"column":31},"end":{"line":92,"column":3}},"line":69},"3":{"name":"(anonymous_3)","decl":{"start":{"line":93,"column":14},"end":{"line":93,"column":15}},"loc":{"start":{"line":93,"column":34},"end":{"line":114,"column":3}},"line":93},"4":{"name":"(anonymous_4)","decl":{"start":{"line":115,"column":14},"end":{"line":115,"column":15}},"loc":{"start":{"line":115,"column":34},"end":{"line":141,"column":3}},"line":115}},"branchMap":{"0":{"loc":{"start":{"line":13,"column":6},"end":{"line":15,"column":7}},"type":"if","locations":[{"start":{"line":13,"column":6},"end":{"line":15,"column":7}},{"start":{},"end":{}}],"line":13},"1":{"loc":{"start":{"line":13,"column":10},"end":{"line":13,"column":72}},"type":"binary-expr","locations":[{"start":{"line":13,"column":10},"end":{"line":13,"column":18}},{"start":{"line":13,"column":22},"end":{"line":13,"column":43}},{"start":{"line":13,"column":47},"end":{"line":13,"column":51}},{"start":{"line":13,"column":55},"end":{"line":13,"column":72}}],"line":13},"2":{"loc":{"start":{"line":16,"column":6},"end":{"line":20,"column":7}},"type":"if","locations":[{"start":{"line":16,"column":6},"end":{"line":20,"column":7}},{"start":{"line":18,"column":13},"end":{"line":20,"column":7}}],"line":16},"3":{"loc":{"start":{"line":16,"column":10},"end":{"line":16,"column":71}},"type":"binary-expr","locations":[{"start":{"line":16,"column":10},"end":{"line":16,"column":15}},{"start":{"line":16,"column":19},"end":{"line":16,"column":37}},{"start":{"line":16,"column":41},"end":{"line":16,"column":71}}],"line":16},"4":{"loc":{"start":{"line":41,"column":6},"end":{"line":49,"column":7}},"type":"if","locations":[{"start":{"line":41,"column":6},"end":{"line":49,"column":7}},{"start":{},"end":{}}],"line":41},"5":{"loc":{"start":{"line":42,"column":8},"end":{"line":46,"column":15}},"type":"binary-expr","locations":[{"start":{"line":42,"column":8},"end":{"line":42,"column":26}},{"start":{"line":43,"column":8},"end":{"line":43,"column":53}},{"start":{"line":44,"column":8},"end":{"line":44,"column":28}},{"start":{"line":45,"column":8},"end":{"line":45,"column":50}},{"start":{"line":46,"column":8},"end":{"line":46,"column":15}}],"line":42},"6":{"loc":{"start":{"line":65,"column":15},"end":{"line":65,"column":55}},"type":"binary-expr","locations":[{"start":{"line":65,"column":15},"end":{"line":65,"column":28}},{"start":{"line":65,"column":32},"end":{"line":65,"column":55}}],"line":65},"7":{"loc":{"start":{"line":72,"column":6},"end":{"line":78,"column":7}},"type":"if","locations":[{"start":{"line":72,"column":6},"end":{"line":78,"column":7}},{"start":{},"end":{}}],"line":72},"8":{"loc":{"start":{"line":89,"column":15},"end":{"line":89,"column":54}},"type":"binary-expr","locations":[{"start":{"line":89,"column":15},"end":{"line":89,"column":28}},{"start":{"line":89,"column":32},"end":{"line":89,"column":54}}],"line":89},"9":{"loc":{"start":{"line":96,"column":6},"end":{"line":101,"column":7}},"type":"if","locations":[{"start":{"line":96,"column":6},"end":{"line":101,"column":7}},{"start":{},"end":{}}],"line":96},"10":{"loc":{"start":{"line":118,"column":6},"end":{"line":123,"column":7}},"type":"if","locations":[{"start":{"line":118,"column":6},"end":{"line":123,"column":7}},{"start":{},"end":{}}],"line":118}},"s":{"0":2,"1":2,"2":1,"3":1,"4":1,"5":1,"6":0,"7":1,"8":0,"9":1,"10":1,"11":1,"12":1,"13":0,"14":0,"15":0,"16":0,"17":0,"18":0,"19":0,"20":0,"21":0,"22":0,"23":0,"24":0,"25":0,"26":0,"27":0,"28":0,"29":0,"30":0,"31":0,"32":0,"33":0,"34":0,"35":0,"36":0,"37":0,"38":0,"39":0,"40":0,"41":0,"42":2},"f":{"0":1,"1":0,"2":0,"3":0,"4":0},"b":{"0":[0,1],"1":[1,0,0,0],"2":[0,1],"3":[1,0,0],"4":[0,0],"5":[0,0,0,0,0],"6":[0,0],"7":[0,0],"8":[0,0],"9":[0,0],"10":[0,0]},"_coverageSchema":"1a1c01bbd47fc00a2c39e90264f33305004495a9","hash":"de74c8c0a827c8ef10ebfb3e0c49c948e8fede54"}
,"/home/afzal/Downloads/task-manager-api/controllers/user.controller.js": {"path":"/home/afzal/Downloads/task-manager-api/controllers/user.controller.js","statementMap":{"0":{"start":{"line":1,"column":17},"end":{"line":1,"column":45}},"1":{"start":{"line":2,"column":15},"end":{"line":2,"column":32}},"2":{"start":{"line":3,"column":12},"end":{"line":3,"column":35}},"3":{"start":{"line":5,"column":23},"end":{"line":86,"column":1}},"4":{"start":{"line":7,"column":4},"end":{"line":40,"column":5}},"5":{"start":{"line":8,"column":6},"end":{"line":8,"column":28}},"6":{"start":{"line":9,"column":6},"end":{"line":19,"column":7}},"7":{"start":{"line":14,"column":8},"end":{"line":18,"column":11}},"8":{"start":{"line":21,"column":29},"end":{"line":21,"column":69}},"9":{"start":{"line":23,"column":23},"end":{"line":27,"column":8}},"10":{"start":{"line":29,"column":6},"end":{"line":33,"column":9}},"11":{"start":{"line":35,"column":6},"end":{"line":39,"column":9}},"12":{"start":{"line":43,"column":4},"end":{"line":84,"column":5}},"13":{"start":{"line":44,"column":34},"end":{"line":44,"column":42}},"14":{"start":{"line":45,"column":6},"end":{"line":51,"column":7}},"15":{"start":{"line":46,"column":8},"end":{"line":50,"column":11}},"16":{"start":{"line":52,"column":26},"end":{"line":54,"column":8}},"17":{"start":{"line":55,"column":6},"end":{"line":55,"column":34}},"18":{"start":{"line":56,"column":6},"end":{"line":77,"column":7}},"19":{"start":{"line":57,"column":20},"end":{"line":61,"column":9}},"20":{"start":{"line":62,"column":22},"end":{"line":64,"column":10}},"21":{"start":{"line":65,"column":8},"end":{"line":69,"column":11}},"22":{"start":{"line":70,"column":8},"end":{"line":74,"column":11}},"23":{"start":{"line":76,"column":8},"end":{"line":76,"column":57}},"24":{"start":{"line":79,"column":8},"end":{"line":83,"column":10}},"25":{"start":{"line":88,"column":0},"end":{"line":90,"column":2}}},"fnMap":{"0":{"name":"(anonymous_0)","decl":{"start":{"line":6,"column":16},"end":{"line":6,"column":17}},"loc":{"start":{"line":6,"column":36},"end":{"line":41,"column":3}},"line":6},"1":{"name":"(anonymous_1)","decl":{"start":{"line":42,"column":9},"end":{"line":42,"column":10}},"loc":{"start":{"line":42,"column":29},"end":{"line":85,"column":3}},"line":42}},"branchMap":{"0":{"loc":{"start":{"line":9,"column":6},"end":{"line":19,"column":7}},"type":"if","locations":[{"start":{"line":9,"column":6},"end":{"line":19,"column":7}},{"start":{},"end":{}}],"line":9},"1":{"loc":{"start":{"line":10,"column":8},"end":{"line":12,"column":35}},"type":"binary-expr","locations":[{"start":{"line":10,"column":8},"end":{"line":10,"column":34}},{"start":{"line":11,"column":8},"end":{"line":11,"column":38}},{"start":{"line":12,"column":8},"end":{"line":12,"column":35}}],"line":10},"2":{"loc":{"start":{"line":38,"column":15},"end":{"line":38,"column":55}},"type":"binary-expr","locations":[{"start":{"line":38,"column":15},"end":{"line":38,"column":28}},{"start":{"line":38,"column":32},"end":{"line":38,"column":55}}],"line":38},"3":{"loc":{"start":{"line":45,"column":6},"end":{"line":51,"column":7}},"type":"if","locations":[{"start":{"line":45,"column":6},"end":{"line":51,"column":7}},{"start":{},"end":{}}],"line":45},"4":{"loc":{"start":{"line":45,"column":10},"end":{"line":45,"column":53}},"type":"binary-expr","locations":[{"start":{"line":45,"column":10},"end":{"line":45,"column":31}},{"start":{"line":45,"column":35},"end":{"line":45,"column":53}}],"line":45},"5":{"loc":{"start":{"line":56,"column":6},"end":{"line":77,"column":7}},"type":"if","locations":[{"start":{"line":56,"column":6},"end":{"line":77,"column":7}},{"start":{"line":75,"column":13},"end":{"line":77,"column":7}}],"line":56},"6":{"loc":{"start":{"line":82,"column":20},"end":{"line":82,"column":58}},"type":"binary-expr","locations":[{"start":{"line":82,"column":20},"end":{"line":82,"column":31}},{"start":{"line":82,"column":35},"end":{"line":82,"column":58}}],"line":82}},"s":{"0":2,"1":2,"2":2,"3":2,"4":1,"5":1,"6":1,"7":0,"8":1,"9":1,"10":0,"11":1,"12":2,"13":2,"14":2,"15":0,"16":2,"17":2,"18":2,"19":2,"20":2,"21":2,"22":2,"23":0,"24":0,"25":2},"f":{"0":1,"1":2},"b":{"0":[0,1],"1":[1,1,1],"2":[1,0],"3":[0,2],"4":[2,2],"5":[2,0],"6":[0,0]},"_coverageSchema":"1a1c01bbd47fc00a2c39e90264f33305004495a9","hash":"9ef7264fa713ecfe07e38e562985233002fdc87c"}
,"/home/afzal/Downloads/task-manager-api/model/index.js": {"path":"/home/afzal/Downloads/task-manager-api/model/index.js","statementMap":{"0":{"start":{"line":2,"column":22},"end":{"line":2,"column":52}},"1":{"start":{"line":3,"column":22},"end":{"line":3,"column":42}},"2":{"start":{"line":5,"column":13},"end":{"line":5,"column":55}},"3":{"start":{"line":6,"column":13},"end":{"line":6,"column":55}},"4":{"start":{"line":9,"column":0},"end":{"line":9,"column":46}},"5":{"start":{"line":10,"column":0},"end":{"line":10,"column":51}},"6":{"start":{"line":11,"column":0},"end":{"line":15,"column":1}}},"fnMap":{},"branchMap":{},"s":{"0":2,"1":2,"2":2,"3":2,"4":2,"5":2,"6":2},"f":{},"b":{},"_coverageSchema":"1a1c01bbd47fc00a2c39e90264f33305004495a9","hash":"41152054f9c169afb911b07b21080cb8b46bb0e6"}
,"/home/afzal/Downloads/task-manager-api/model/task.js": {"path":"/home/afzal/Downloads/task-manager-api/model/task.js","statementMap":{"0":{"start":{"line":1,"column":0},"end":{"line":38,"column":1}},"1":{"start":{"line":2,"column":17},"end":{"line":36,"column":6}},"2":{"start":{"line":37,"column":4},"end":{"line":37,"column":17}}},"fnMap":{"0":{"name":"(anonymous_0)","decl":{"start":{"line":1,"column":17},"end":{"line":1,"column":18}},"loc":{"start":{"line":1,"column":46},"end":{"line":38,"column":1}},"line":1}},"branchMap":{},"s":{"0":2,"1":2,"2":2},"f":{"0":2},"b":{},"_coverageSchema":"1a1c01bbd47fc00a2c39e90264f33305004495a9","hash":"aec7c1e9a1790a8bdb4d3c5b4f65d75524236fbc"}
,"/home/afzal/Downloads/task-manager-api/model/user.js": {"path":"/home/afzal/Downloads/task-manager-api/model/user.js","statementMap":{"0":{"start":{"line":1,"column":0},"end":{"line":21,"column":1}},"1":{"start":{"line":2,"column":17},"end":{"line":18,"column":6}},"2":{"start":{"line":20,"column":4},"end":{"line":20,"column":17}}},"fnMap":{"0":{"name":"(anonymous_0)","decl":{"start":{"line":1,"column":17},"end":{"line":1,"column":18}},"loc":{"start":{"line":1,"column":46},"end":{"line":21,"column":1}},"line":1}},"branchMap":{},"s":{"0":2,"1":2,"2":2},"f":{"0":2},"b":{},"_coverageSchema":"1a1c01bbd47fc00a2c39e90264f33305004495a9","hash":"42bd18f04e67f8a6ea3facd2c13f922896e065cd"}
,"/home/afzal/Downloads/task-manager-api/routes/auth.js": {"path":"/home/afzal/Downloads/task-manager-api/routes/auth.js","statementMap":{"0":{"start":{"line":1,"column":16},"end":{"line":1,"column":34}},"1":{"start":{"line":2,"column":27},"end":{"line":2,"column":68}},"2":{"start":{"line":5,"column":19},"end":{"line":5,"column":35}},"3":{"start":{"line":7,"column":0},"end":{"line":7,"column":61}},"4":{"start":{"line":8,"column":0},"end":{"line":8,"column":51}},"5":{"start":{"line":11,"column":0},"end":{"line":11,"column":33}}},"fnMap":{},"branchMap":{},"s":{"0":2,"1":2,"2":2,"3":2,"4":2,"5":2},"f":{},"b":{},"_coverageSchema":"1a1c01bbd47fc00a2c39e90264f33305004495a9","hash":"60d23454acf9a47b1761bc3b05960c105936e7ef"}
,"/home/afzal/Downloads/task-manager-api/routes/tasks.js": {"path":"/home/afzal/Downloads/task-manager-api/routes/tasks.js","statementMap":{"0":{"start":{"line":1,"column":16},"end":{"line":1,"column":34}},"1":{"start":{"line":2,"column":27},"end":{"line":2,"column":68}},"2":{"start":{"line":3,"column":19},"end":{"line":3,"column":35}},"3":{"start":{"line":5,"column":0},"end":{"line":5,"column":43}},"4":{"start":{"line":6,"column":0},"end":{"line":6,"column":57}},"5":{"start":{"line":7,"column":0},"end":{"line":7,"column":49}},"6":{"start":{"line":8,"column":0},"end":{"line":8,"column":54}},"7":{"start":{"line":9,"column":0},"end":{"line":9,"column":56}},"8":{"start":{"line":11,"column":0},"end":{"line":11,"column":33}}},"fnMap":{},"branchMap":{},"s":{"0":2,"1":2,"2":2,"3":2,"4":2,"5":2,"6":2,"7":2,"8":2},"f":{},"b":{},"_coverageSchema":"1a1c01bbd47fc00a2c39e90264f33305004495a9","hash":"1a10060f08ee19e5354aae26f68cad8fee0319c7"}
}
